  Game.cpp
C:\Dev\Game Dev\SFML_Framework\Snake_Game\Snake_Game\Game.cpp(35,66): warning C4244: 'argument': conversion from 'unsigned int' to 'T', possible loss of data
C:\Dev\Game Dev\SFML_Framework\Snake_Game\Snake_Game\Game.cpp(35,66): warning C4244:         with
C:\Dev\Game Dev\SFML_Framework\Snake_Game\Snake_Game\Game.cpp(35,66): warning C4244:         [
C:\Dev\Game Dev\SFML_Framework\Snake_Game\Snake_Game\Game.cpp(35,66): warning C4244:             T=float
C:\Dev\Game Dev\SFML_Framework\Snake_Game\Snake_Game\Game.cpp(35,66): warning C4244:         ]
C:\Dev\Game Dev\SFML_Framework\Snake_Game\Snake_Game\Game.cpp(36,59): warning C4244: 'argument': conversion from 'unsigned int' to 'T', possible loss of data
C:\Dev\Game Dev\SFML_Framework\Snake_Game\Snake_Game\Game.cpp(36,59): warning C4244:         with
C:\Dev\Game Dev\SFML_Framework\Snake_Game\Snake_Game\Game.cpp(36,59): warning C4244:         [
C:\Dev\Game Dev\SFML_Framework\Snake_Game\Snake_Game\Game.cpp(36,59): warning C4244:             T=float
C:\Dev\Game Dev\SFML_Framework\Snake_Game\Snake_Game\Game.cpp(36,59): warning C4244:         ]
C:\Dev\Game Dev\SFML_Framework\Snake_Game\Snake_Game\Game.cpp(38,48): warning C4244: 'argument': conversion from 'unsigned int' to 'T', possible loss of data
C:\Dev\Game Dev\SFML_Framework\Snake_Game\Snake_Game\Game.cpp(38,48): warning C4244:         with
C:\Dev\Game Dev\SFML_Framework\Snake_Game\Snake_Game\Game.cpp(38,48): warning C4244:         [
C:\Dev\Game Dev\SFML_Framework\Snake_Game\Snake_Game\Game.cpp(38,48): warning C4244:             T=float
C:\Dev\Game Dev\SFML_Framework\Snake_Game\Snake_Game\Game.cpp(38,48): warning C4244:         ]
C:\Dev\Game Dev\SFML_Framework\Snake_Game\Snake_Game\Game.cpp(39,55): warning C4244: 'argument': conversion from 'unsigned int' to 'T', possible loss of data
C:\Dev\Game Dev\SFML_Framework\Snake_Game\Snake_Game\Game.cpp(39,55): warning C4244:         with
C:\Dev\Game Dev\SFML_Framework\Snake_Game\Snake_Game\Game.cpp(39,55): warning C4244:         [
C:\Dev\Game Dev\SFML_Framework\Snake_Game\Snake_Game\Game.cpp(39,55): warning C4244:             T=float
C:\Dev\Game Dev\SFML_Framework\Snake_Game\Snake_Game\Game.cpp(39,55): warning C4244:         ]
C:\Dev\Game Dev\SFML_Framework\Snake_Game\Snake_Game\Game.cpp(40,48): warning C4244: 'argument': conversion from 'unsigned int' to 'T', possible loss of data
C:\Dev\Game Dev\SFML_Framework\Snake_Game\Snake_Game\Game.cpp(40,48): warning C4244:         with
C:\Dev\Game Dev\SFML_Framework\Snake_Game\Snake_Game\Game.cpp(40,48): warning C4244:         [
C:\Dev\Game Dev\SFML_Framework\Snake_Game\Snake_Game\Game.cpp(40,48): warning C4244:             T=float
C:\Dev\Game Dev\SFML_Framework\Snake_Game\Snake_Game\Game.cpp(40,48): warning C4244:         ]
C:\Dev\Game Dev\SFML_Framework\Snake_Game\Snake_Game\Game.cpp(41,55): warning C4244: 'argument': conversion from 'unsigned int' to 'T', possible loss of data
C:\Dev\Game Dev\SFML_Framework\Snake_Game\Snake_Game\Game.cpp(41,55): warning C4244:         with
C:\Dev\Game Dev\SFML_Framework\Snake_Game\Snake_Game\Game.cpp(41,55): warning C4244:         [
C:\Dev\Game Dev\SFML_Framework\Snake_Game\Snake_Game\Game.cpp(41,55): warning C4244:             T=float
C:\Dev\Game Dev\SFML_Framework\Snake_Game\Snake_Game\Game.cpp(41,55): warning C4244:         ]
C:\Dev\Game Dev\SFML_Framework\Snake_Game\Snake_Game\Game.cpp(139,20): warning C4018: '<': signed/unsigned mismatch
C:\Dev\Game Dev\SFML_Framework\Snake_Game\Snake_Game\Game.cpp(213,20): warning C4018: '<': signed/unsigned mismatch
C:\Dev\Game Dev\SFML_Framework\Snake_Game\Snake_Game\Game.cpp(258,20): warning C4018: '<': signed/unsigned mismatch
  Snake_Game.vcxproj -> C:\Dev\Game Dev\SFML_Framework\Snake_Game\Debug\Snake_Game.exe
